Using pre-set license
Built from '2020.3/staging' branch; Version is '2020.3.30f1 (1fb1bf06830e) revision 2077119'; Using compiler version '192528614'; Build Type 'Release'
OS: 'Windows 10  (10.0.19044) 64bit Enterprise' Language: 'es' Physical Memory: 16267 MB
BatchMode: 1, IsHumanControllingUs: 0, StartBugReporterOnCrash: 0, Is64bit: 1, IsPro: 0

COMMAND LINE ARGUMENTS:
C:\Program Files\Unity\Hub\Editor\2020.3.30f1\Editor\Unity.exe
-adb2
-batchMode
-noUpm
-name
AssetImportWorker0
-projectPath
C:/Users/camil/MathMaze0.5
-logFile
Logs/AssetImportWorker0.log
-srvPort
54086
Successfully changed project path to: C:/Users/camil/MathMaze0.5
C:/Users/camil/MathMaze0.5
Using Asset Import Pipeline V2.
Refreshing native plugins compatible for Editor in 139.52 ms, found 2 plugins.
Preloading 0 native plugins for Editor in 0.00 ms.
Initialize engine version: 2020.3.30f1 (1fb1bf06830e)
[Subsystems] Discovering subsystems at path C:/Program Files/Unity/Hub/Editor/2020.3.30f1/Editor/Data/Resources/UnitySubsystems
[Subsystems] Discovering subsystems at path C:/Users/camil/MathMaze0.5/Assets
GfxDevice: creating device client; threaded=0
Direct3D:
    Version:  Direct3D 11.0 [level 11.1]
    Renderer: NVIDIA GeForce GTX 1070 with Max-Q Design (ID=0x1ba1)
    Vendor:   
    VRAM:     8074 MB
    Driver:   31.0.15.2647
Initialize mono
Mono path[0] = 'C:/Program Files/Unity/Hub/Editor/2020.3.30f1/Editor/Data/Managed'
Mono path[1] = 'C:/Program Files/Unity/Hub/Editor/2020.3.30f1/Editor/Data/MonoBleedingEdge/lib/mono/unityjit'
Mono config path = 'C:/Program Files/Unity/Hub/Editor/2020.3.30f1/Editor/Data/MonoBleedingEdge/etc'
Using monoOptions --debugger-agent=transport=dt_socket,embedding=1,server=y,suspend=n,address=127.0.0.1:56920
Begin MonoManager ReloadAssembly
Registering precompiled unity dll's ...
Register platform support module: C:/Program Files/Unity/Hub/Editor/2020.3.30f1/Editor/Data/PlaybackEngines/WebGLSupport/UnityEditor.WebGL.Extensions.dll
Register platform support module: C:/Program Files/Unity/Hub/Editor/2020.3.30f1/Editor/Data/PlaybackEngines/WindowsStandaloneSupport/UnityEditor.WindowsStandalone.Extensions.dll
Registered in 0.005688 seconds.
Native extension for WindowsStandalone target not found
Native extension for WebGL target not found
Refreshing native plugins compatible for Editor in 129.35 ms, found 2 plugins.
Preloading 0 native plugins for Editor in 0.00 ms.
Mono: successfully reloaded assembly
- Completed reload, in  1.281 seconds
Domain Reload Profiling:
	ReloadAssembly (1281ms)
		BeginReloadAssembly (136ms)
			ExecutionOrderSort (0ms)
			DisableScriptedObjects (0ms)
			BackupInstance (0ms)
			ReleaseScriptingObjects (0ms)
			CreateAndSetChildDomain (1ms)
		EndReloadAssembly (989ms)
			LoadAssemblies (132ms)
			RebuildTransferFunctionScriptingTraits (0ms)
			SetupTypeCache (326ms)
			ReleaseScriptCaches (0ms)
			RebuildScriptCaches (63ms)
			SetupLoadedEditorAssemblies (386ms)
				LogAssemblyErrors (0ms)
				InitializePlatformSupportModulesInManaged (11ms)
				SetLoadedEditorAssemblies (0ms)
				RefreshPlugins (130ms)
				BeforeProcessingInitializeOnLoad (33ms)
				ProcessInitializeOnLoadAttributes (158ms)
				ProcessInitializeOnLoadMethodAttributes (53ms)
				AfterProcessingInitializeOnLoad (0ms)
				EditorAssembliesLoaded (0ms)
			ExecutionOrderSort2 (0ms)
			AwakeInstancesAfterBackupRestoration (0ms)
Platform modules already initialized, skipping
Registering precompiled user dll's ...
Registered in 0.008973 seconds.
Begin MonoManager ReloadAssembly
Native extension for WindowsStandalone target not found
Native extension for WebGL target not found
Refreshing native plugins compatible for Editor in 134.09 ms, found 2 plugins.
Preloading 0 native plugins for Editor in 0.00 ms.
Mono: successfully reloaded assembly
- Completed reload, in  2.730 seconds
Domain Reload Profiling:
	ReloadAssembly (2732ms)
		BeginReloadAssembly (332ms)
			ExecutionOrderSort (0ms)
			DisableScriptedObjects (9ms)
			BackupInstance (0ms)
			ReleaseScriptingObjects (0ms)
			CreateAndSetChildDomain (39ms)
		EndReloadAssembly (2261ms)
			LoadAssemblies (217ms)
			RebuildTransferFunctionScriptingTraits (0ms)
			SetupTypeCache (785ms)
			ReleaseScriptCaches (1ms)
			RebuildScriptCaches (112ms)
			SetupLoadedEditorAssemblies (908ms)
				LogAssemblyErrors (0ms)
				InitializePlatformSupportModulesInManaged (9ms)
				SetLoadedEditorAssemblies (0ms)
				RefreshPlugins (134ms)
				BeforeProcessingInitializeOnLoad (204ms)
				ProcessInitializeOnLoadAttributes (522ms)
				ProcessInitializeOnLoadMethodAttributes (21ms)
				AfterProcessingInitializeOnLoad (16ms)
				EditorAssembliesLoaded (1ms)
			ExecutionOrderSort2 (0ms)
			AwakeInstancesAfterBackupRestoration (13ms)
Platform modules already initialized, skipping
========================================================================
Worker process is ready to serve import requests
Launched and connected shader compiler UnityShaderCompiler.exe after 0.10 seconds
Refreshing native plugins compatible for Editor in 0.96 ms, found 2 plugins.
Preloading 0 native plugins for Editor in 0.00 ms.
Unloading 3312 Unused Serialized files (Serialized files now loaded: 0)
System memory in use before: 144.9 MB.
System memory in use after: 142.0 MB.

Unloading 58 unused Assets to reduce memory usage. Loaded Objects now: 3710.
Total: 9.354200 ms (FindLiveObjects: 0.400200 ms CreateObjectMapping: 0.377800 ms MarkObjects: 5.994700 ms  DeleteObjects: 2.579600 ms)

AssetImportParameters requested are different than current active one (requested -> active):
  custom:framework-win-MediaFoundation: 216162199b28c13a410421893ffa2e32 -> 
  custom:video-decoder-ogg-theora: a1e56fd34408186e4bbccfd4996cb3dc -> 
  custom:container-muxer-webm: aa71ff27fc2769a1b78a27578f13a17b -> 
  custom:container-demuxer-webm: 4f35f7cbe854078d1ac9338744f61a02 -> 
  custom:container-demuxer-ogg: 62fdf1f143b41e24485cea50d1cbac27 -> 
  custom:video-encoder-webm-vp8: eb34c28f22e8b96e1ab97ce403110664 -> 
  custom:video-decoder-webm-vp8: 9c59270c3fd7afecdb556c50c9e8de78 -> 
  custom:audio-decoder-ogg-vorbis: bf7c407c2cedff20999df2af8eb42d56 -> 
  custom:audio-encoder-webm-vorbis: bf7c407c2cedff20999df2af8eb42d56 -> 
========================================================================
Received Import Request.
  path: Assets/Character/Sfx
  artifactKey: Guid(f99957d857b6314489a45d0556423fd4) Importer(815301076,1909f56bfc062723c751e8b465ee728b)
Start importing Assets/Character/Sfx using Guid(f99957d857b6314489a45d0556423fd4) Importer(815301076,1909f56bfc062723c751e8b465ee728b)  -> (artifact id: '94878b9fbd5f1eba28d89d2aea609512') in 0.016726 seconds 
========================================================================
Received Import Request.
  Time since last request: 0.000450 seconds.
  path: Assets/Character/Textures
  artifactKey: Guid(940251fa621540241ab6a33c87cc8b7e) Importer(815301076,1909f56bfc062723c751e8b465ee728b)
Start importing Assets/Character/Textures using Guid(940251fa621540241ab6a33c87cc8b7e) Importer(815301076,1909f56bfc062723c751e8b465ee728b)  -> (artifact id: 'c20695d9eaef41bc89b17a781a3c0309') in 0.016834 seconds 
========================================================================
Received Import Request.
  Time since last request: 32.253215 seconds.
  path: Assets/Character/Textures/brick-wall.jpg
  artifactKey: Guid(c6bf98eb88f07a0418d0d7a8d2eeb915) Importer(815301076,1909f56bfc062723c751e8b465ee728b)
Start importing Assets/Character/Textures/brick-wall.jpg using Guid(c6bf98eb88f07a0418d0d7a8d2eeb915) Importer(815301076,1909f56bfc062723c751e8b465ee728b)  -> (artifact id: 'a56c2021955ce6cd8c00a243016998f2') in 0.397543 seconds 
========================================================================
Received Import Request.
  Time since last request: 199.131545 seconds.
  path: Assets/Character/Textures/brick-wall.jpg
  artifactKey: Guid(c6bf98eb88f07a0418d0d7a8d2eeb915) Importer(815301076,1909f56bfc062723c751e8b465ee728b)
Start importing Assets/Character/Textures/brick-wall.jpg using Guid(c6bf98eb88f07a0418d0d7a8d2eeb915) Importer(815301076,1909f56bfc062723c751e8b465ee728b)  -> (artifact id: 'd3ef7d5c70c218d235bd38ae5d6bb339') in 0.060059 seconds 
========================================================================
Received Import Request.
  Time since last request: 171.813875 seconds.
  path: Assets/Character/Materials
  artifactKey: Guid(8a0e91532ce93274fb01919ee0dda264) Importer(815301076,1909f56bfc062723c751e8b465ee728b)
Start importing Assets/Character/Materials using Guid(8a0e91532ce93274fb01919ee0dda264) Importer(815301076,1909f56bfc062723c751e8b465ee728b)  -> (artifact id: 'b70a5bdb23222dffb8fef10539283502') in 0.013957 seconds 
========================================================================
Received Import Request.
  Time since last request: 21.231081 seconds.
  path: Assets/Character/Materials/brick-wall.mat
  artifactKey: Guid(e3c4654252791b64e97305a3564e9a2b) Importer(815301076,1909f56bfc062723c751e8b465ee728b)
Start importing Assets/Character/Materials/brick-wall.mat using Guid(e3c4654252791b64e97305a3564e9a2b) Importer(815301076,1909f56bfc062723c751e8b465ee728b)  -> (artifact id: '55f20f3dbc89e423657e1d9f399ceb97') in 0.363931 seconds 
========================================================================
Received Import Request.
  Time since last request: 0.000492 seconds.
  path: Assets/Character/Materials/Wall.mat
  artifactKey: Guid(d2796b7878a676a4dba992552e1e07fe) Importer(815301076,1909f56bfc062723c751e8b465ee728b)
Start importing Assets/Character/Materials/Wall.mat using Guid(d2796b7878a676a4dba992552e1e07fe) Importer(815301076,1909f56bfc062723c751e8b465ee728b)  -> (artifact id: '09660b96fd833ec6d34d61aeaad5e840') in 0.032521 seconds 
========================================================================
Received Import Request.
  Time since last request: 24.593695 seconds.
  path: Assets/Character/Materials/floor.mat
  artifactKey: Guid(2328d8a53f2f2654b908b92ff991f79c) Importer(815301076,1909f56bfc062723c751e8b465ee728b)
Start importing Assets/Character/Materials/floor.mat using Guid(2328d8a53f2f2654b908b92ff991f79c) Importer(815301076,1909f56bfc062723c751e8b465ee728b)  -> (artifact id: '9aa29d90f43dc8d350f0848307abbada') in 0.032447 seconds 
========================================================================
Received Import Request.
  Time since last request: 4.658294 seconds.
  path: Assets/Character/Materials/Floor.mat
  artifactKey: Guid(2328d8a53f2f2654b908b92ff991f79c) Importer(815301076,1909f56bfc062723c751e8b465ee728b)
Start importing Assets/Character/Materials/Floor.mat using Guid(2328d8a53f2f2654b908b92ff991f79c) Importer(815301076,1909f56bfc062723c751e8b465ee728b)  -> (artifact id: '651b00e595fda51bd40513cf257f7b27') in 0.029442 seconds 
========================================================================
Received Import Request.
  Time since last request: 197.310107 seconds.
  path: Assets/Character/Materials/brick-wall.jpg
  artifactKey: Guid(cf9be9fd188a7cf42a2bb592dea04730) Importer(815301076,1909f56bfc062723c751e8b465ee728b)
Start importing Assets/Character/Materials/brick-wall.jpg using Guid(cf9be9fd188a7cf42a2bb592dea04730) Importer(815301076,1909f56bfc062723c751e8b465ee728b)  -> (artifact id: 'd8edba9228d2c811f5937a456c0701b8') in 0.039195 seconds 
========================================================================
Received Import Request.
  Time since last request: 175.738042 seconds.
  path: Assets/Scenes/Home.unity
  artifactKey: Guid(9ab61677caf279e439d8362afa714dc4) Importer(815301076,1909f56bfc062723c751e8b465ee728b)
Start importing Assets/Scenes/Home.unity using Guid(9ab61677caf279e439d8362afa714dc4) Importer(815301076,1909f56bfc062723c751e8b465ee728b)  -> (artifact id: '18fd749e2de3cd5eaaa4eed3a19b4280') in 0.016648 seconds 
========================================================================
Received Import Request.
  Time since last request: 89.595893 seconds.
  path: Assets/Scenes/Playground.unity
  artifactKey: Guid(e9017d5f96b9f09489b4b37e1d6eb914) Importer(815301076,1909f56bfc062723c751e8b465ee728b)
Start importing Assets/Scenes/Playground.unity using Guid(e9017d5f96b9f09489b4b37e1d6eb914) Importer(815301076,1909f56bfc062723c751e8b465ee728b)  -> (artifact id: '053c46cdf1f2bb7df21d2ebc9b3c4ba9') in 0.015225 seconds 
========================================================================
Received Import Request.
  Time since last request: 93.319830 seconds.
  path: Assets/Scripts/BasicRigidBodyPush.cs
  artifactKey: Guid(909d917d73a63f940ac158d02e936645) Importer(815301076,1909f56bfc062723c751e8b465ee728b)
Start importing Assets/Scripts/BasicRigidBodyPush.cs using Guid(909d917d73a63f940ac158d02e936645) Importer(815301076,1909f56bfc062723c751e8b465ee728b)  -> (artifact id: '4b7153fdbd0384d5f749d635381d37b0') in 0.051024 seconds 
========================================================================
Received Import Request.
  Time since last request: 1.194053 seconds.
  path: Assets/Scripts/ThirdPersonController.cs
  artifactKey: Guid(26e54e5a728a9234ab24fcf1460ed8a2) Importer(815301076,1909f56bfc062723c751e8b465ee728b)
Start importing Assets/Scripts/ThirdPersonController.cs using Guid(26e54e5a728a9234ab24fcf1460ed8a2) Importer(815301076,1909f56bfc062723c751e8b465ee728b)  -> (artifact id: '1a26ea048f3bf14e7f3f443297114b55') in 0.013058 seconds 
========================================================================
Received Import Request.
  Time since last request: 465.360398 seconds.
  path: Assets/Prefabs/MainCamera.prefab
  artifactKey: Guid(f6d148d888ffbf54b9afe9936dfaec1f) Importer(815301076,1909f56bfc062723c751e8b465ee728b)
Start importing Assets/Prefabs/MainCamera.prefab using Guid(f6d148d888ffbf54b9afe9936dfaec1f) Importer(815301076,1909f56bfc062723c751e8b465ee728b)  -> (artifact id: 'ec303d6cef6e80664dc0a8fa0b572500') in 0.056961 seconds 
========================================================================
Received Import Request.
  Time since last request: 0.000672 seconds.
  path: Assets/Prefabs/PlayerArmature.prefab
  artifactKey: Guid(64dce48905ffd9b4293e595fa6941544) Importer(815301076,1909f56bfc062723c751e8b465ee728b)
Start importing Assets/Prefabs/PlayerArmature.prefab using Guid(64dce48905ffd9b4293e595fa6941544) Importer(815301076,1909f56bfc062723c751e8b465ee728b)  -> (artifact id: 'a5bf2458594f6a4478bd1be6741104ce') in 0.368148 seconds 
========================================================================
Received Import Request.
  Time since last request: 0.000505 seconds.
  path: Assets/Prefabs/NestedParentCapsule_Unpack.prefab
  artifactKey: Guid(212907312655a4443a025a304442c17c) Importer(815301076,1909f56bfc062723c751e8b465ee728b)
Start importing Assets/Prefabs/NestedParentCapsule_Unpack.prefab using Guid(212907312655a4443a025a304442c17c) Importer(815301076,1909f56bfc062723c751e8b465ee728b)  -> (artifact id: '248f47515249d1d49fe84cb6830d05b6') in 0.112662 seconds 
========================================================================
Received Import Request.
  Time since last request: 0.000442 seconds.
  path: Assets/Prefabs/NestedParentArmature_Unpack.prefab
  artifactKey: Guid(c708a3b79cd542b42bbfedb17e213bc1) Importer(815301076,1909f56bfc062723c751e8b465ee728b)
Start importing Assets/Prefabs/NestedParentArmature_Unpack.prefab using Guid(c708a3b79cd542b42bbfedb17e213bc1) Importer(815301076,1909f56bfc062723c751e8b465ee728b)  -> (artifact id: '9c37f5783379b99ee39db09fa88d270a') in 0.165930 seconds 
========================================================================
Received Import Request.
  Time since last request: 0.000438 seconds.
  path: Assets/Prefabs/PlayerFollowCamera.prefab
  artifactKey: Guid(a1a802ecaf6775746bb2a929fb554ad8) Importer(815301076,1909f56bfc062723c751e8b465ee728b)
Start importing Assets/Prefabs/PlayerFollowCamera.prefab using Guid(a1a802ecaf6775746bb2a929fb554ad8) Importer(815301076,1909f56bfc062723c751e8b465ee728b)  -> (artifact id: '7b488cc3e186863c7bbbd8c43100c741') in 0.024202 seconds 
========================================================================
Received Import Request.
  Time since last request: 0.000526 seconds.
  path: Assets/Prefabs/PlayerCapsule.prefab
  artifactKey: Guid(2553cec8fdb3eb643bbe9f2ec880c472) Importer(815301076,1909f56bfc062723c751e8b465ee728b)
Start importing Assets/Prefabs/PlayerCapsule.prefab using Guid(2553cec8fdb3eb643bbe9f2ec880c472) Importer(815301076,1909f56bfc062723c751e8b465ee728b)  -> (artifact id: 'f80994f541d9b84d54c452a36129fead') in 0.040843 seconds 
========================================================================
Received Import Request.
  Time since last request: 1155.797731 seconds.
  path: Assets/Scenes/Playground.unity
  artifactKey: Guid(e9017d5f96b9f09489b4b37e1d6eb914) Importer(815301076,1909f56bfc062723c751e8b465ee728b)
Start importing Assets/Scenes/Playground.unity using Guid(e9017d5f96b9f09489b4b37e1d6eb914) Importer(815301076,1909f56bfc062723c751e8b465ee728b)  -> (artifact id: 'd5bc0d746ed8555c5c438d23139c6993') in 0.015302 seconds 
========================================================================
Received Import Request.
  Time since last request: 25.165643 seconds.
  path: Assets/Scenes/LvlTutorial.unity
  artifactKey: Guid(e9017d5f96b9f09489b4b37e1d6eb914) Importer(815301076,1909f56bfc062723c751e8b465ee728b)
Start importing Assets/Scenes/LvlTutorial.unity using Guid(e9017d5f96b9f09489b4b37e1d6eb914) Importer(815301076,1909f56bfc062723c751e8b465ee728b)  -> (artifact id: '1ee07fdfec0ffc9c8342e4d1257345e8') in 0.019111 seconds 
========================================================================
Received Import Request.
  Time since last request: 929.072002 seconds.
  path: Assets/Scripts/InputNomCod.cs
  artifactKey: Guid(f596b7afd2d63704a823321b376a08f9) Importer(815301076,1909f56bfc062723c751e8b465ee728b)
Start importing Assets/Scripts/InputNomCod.cs using Guid(f596b7afd2d63704a823321b376a08f9) Importer(815301076,1909f56bfc062723c751e8b465ee728b)  -> (artifact id: '4a6079a3e82c3b5a027a0b4985dc3100') in 0.014367 seconds 
========================================================================
Received Prepare
Registering precompiled user dll's ...
Registered in 0.008502 seconds.
Begin MonoManager ReloadAssembly
Native extension for WindowsStandalone target not found
Native extension for WebGL target not found
Refreshing native plugins compatible for Editor in 0.98 ms, found 2 plugins.
Preloading 0 native plugins for Editor in 0.00 ms.
Mono: successfully reloaded assembly
- Completed reload, in  2.579 seconds
Domain Reload Profiling:
	ReloadAssembly (2580ms)
		BeginReloadAssembly (343ms)
			ExecutionOrderSort (0ms)
			DisableScriptedObjects (15ms)
			BackupInstance (0ms)
			ReleaseScriptingObjects (0ms)
			CreateAndSetChildDomain (125ms)
		EndReloadAssembly (2103ms)
			LoadAssemblies (238ms)
			RebuildTransferFunctionScriptingTraits (0ms)
			SetupTypeCache (699ms)
			ReleaseScriptCaches (2ms)
			RebuildScriptCaches (95ms)
			SetupLoadedEditorAssemblies (731ms)
				LogAssemblyErrors (0ms)
				InitializePlatformSupportModulesInManaged (10ms)
				SetLoadedEditorAssemblies (1ms)
				RefreshPlugins (1ms)
				BeforeProcessingInitializeOnLoad (185ms)
				ProcessInitializeOnLoadAttributes (495ms)
				ProcessInitializeOnLoadMethodAttributes (24ms)
				AfterProcessingInitializeOnLoad (16ms)
				EditorAssembliesLoaded (1ms)
			ExecutionOrderSort2 (0ms)
			AwakeInstancesAfterBackupRestoration (31ms)
Platform modules already initialized, skipping
Refreshing native plugins compatible for Editor in 1.15 ms, found 2 plugins.
Preloading 0 native plugins for Editor in 0.00 ms.
Unloading 3238 Unused Serialized files (Serialized files now loaded: 0)
System memory in use before: 160.3 MB.
System memory in use after: 157.4 MB.

Unloading 51 unused Assets to reduce memory usage. Loaded Objects now: 3798.
Total: 13.475800 ms (FindLiveObjects: 0.771900 ms CreateObjectMapping: 0.542600 ms MarkObjects: 7.130100 ms  DeleteObjects: 5.027400 ms)

AssetImportParameters requested are different than current active one (requested -> active):
  custom:framework-win-MediaFoundation: 216162199b28c13a410421893ffa2e32 -> 
  custom:video-decoder-ogg-theora: a1e56fd34408186e4bbccfd4996cb3dc -> 
  custom:container-muxer-webm: aa71ff27fc2769a1b78a27578f13a17b -> 
  custom:container-demuxer-webm: 4f35f7cbe854078d1ac9338744f61a02 -> 
  custom:container-demuxer-ogg: 62fdf1f143b41e24485cea50d1cbac27 -> 
  custom:video-encoder-webm-vp8: eb34c28f22e8b96e1ab97ce403110664 -> 
  custom:video-decoder-webm-vp8: 9c59270c3fd7afecdb556c50c9e8de78 -> 
  custom:audio-decoder-ogg-vorbis: bf7c407c2cedff20999df2af8eb42d56 -> 
  custom:audio-encoder-webm-vorbis: bf7c407c2cedff20999df2af8eb42d56 -> 
========================================================================
Received Import Request.
  Time since last request: 207.386176 seconds.
  path: Assets/Scripts/InputNomCod.cs
  artifactKey: Guid(f596b7afd2d63704a823321b376a08f9) Importer(815301076,1909f56bfc062723c751e8b465ee728b)
Start importing Assets/Scripts/InputNomCod.cs using Guid(f596b7afd2d63704a823321b376a08f9) Importer(815301076,1909f56bfc062723c751e8b465ee728b)  -> (artifact id: '9f417feea6ac8b13ac7edf56e4738af8') in 0.034441 seconds 
========================================================================
Received Import Request.
  Time since last request: 114.603545 seconds.
  path: Assets/Scripts/InputNomCod.cs
  artifactKey: Guid(f596b7afd2d63704a823321b376a08f9) Importer(815301076,1909f56bfc062723c751e8b465ee728b)
Start importing Assets/Scripts/InputNomCod.cs using Guid(f596b7afd2d63704a823321b376a08f9) Importer(815301076,1909f56bfc062723c751e8b465ee728b)  -> (artifact id: '41a879874afe5533d2a19ed06eb12228') in 0.004736 seconds 
========================================================================
Received Import Request.
  Time since last request: 783.423757 seconds.
  path: Assets/Scripts/InputNomCod.cs
  artifactKey: Guid(f596b7afd2d63704a823321b376a08f9) Importer(815301076,1909f56bfc062723c751e8b465ee728b)
Start importing Assets/Scripts/InputNomCod.cs using Guid(f596b7afd2d63704a823321b376a08f9) Importer(815301076,1909f56bfc062723c751e8b465ee728b)  -> (artifact id: '82a325482994b277072554aef0a22b20') in 0.006481 seconds 
========================================================================
Received Import Request.
  Time since last request: 88.872641 seconds.
  path: Assets/Scripts/InputNomCod.cs
  artifactKey: Guid(f596b7afd2d63704a823321b376a08f9) Importer(815301076,1909f56bfc062723c751e8b465ee728b)
Start importing Assets/Scripts/InputNomCod.cs using Guid(f596b7afd2d63704a823321b376a08f9) Importer(815301076,1909f56bfc062723c751e8b465ee728b)  -> (artifact id: 'a03ca6224044cf23a1d0ba12ffac2815') in 0.007229 seconds 
========================================================================
Received Prepare
Registering precompiled user dll's ...
Registered in 0.008574 seconds.
Begin MonoManager ReloadAssembly
Native extension for WindowsStandalone target not found
Native extension for WebGL target not found
Refreshing native plugins compatible for Editor in 0.96 ms, found 2 plugins.
Preloading 0 native plugins for Editor in 0.00 ms.
Mono: successfully reloaded assembly
- Completed reload, in  2.548 seconds
Domain Reload Profiling:
	ReloadAssembly (2549ms)
		BeginReloadAssembly (285ms)
			ExecutionOrderSort (0ms)
			DisableScriptedObjects (14ms)
			BackupInstance (0ms)
			ReleaseScriptingObjects (0ms)
			CreateAndSetChildDomain (86ms)
		EndReloadAssembly (2117ms)
			LoadAssemblies (238ms)
			RebuildTransferFunctionScriptingTraits (0ms)
			SetupTypeCache (719ms)
			ReleaseScriptCaches (2ms)
			RebuildScriptCaches (94ms)
			SetupLoadedEditorAssemblies (786ms)
				LogAssemblyErrors (0ms)
				InitializePlatformSupportModulesInManaged (10ms)
				SetLoadedEditorAssemblies (1ms)
				RefreshPlugins (1ms)
				BeforeProcessingInitializeOnLoad (190ms)
				ProcessInitializeOnLoadAttributes (544ms)
				ProcessInitializeOnLoadMethodAttributes (22ms)
				AfterProcessingInitializeOnLoad (17ms)
				EditorAssembliesLoaded (1ms)
			ExecutionOrderSort2 (0ms)
			AwakeInstancesAfterBackupRestoration (35ms)
Platform modules already initialized, skipping
Refreshing native plugins compatible for Editor in 0.94 ms, found 2 plugins.
Preloading 0 native plugins for Editor in 0.00 ms.
Unloading 3238 Unused Serialized files (Serialized files now loaded: 0)
System memory in use before: 160.4 MB.
System memory in use after: 157.5 MB.

Unloading 51 unused Assets to reduce memory usage. Loaded Objects now: 3801.
Total: 10.256000 ms (FindLiveObjects: 0.432700 ms CreateObjectMapping: 0.326500 ms MarkObjects: 5.815000 ms  DeleteObjects: 3.679800 ms)

AssetImportParameters requested are different than current active one (requested -> active):
  custom:framework-win-MediaFoundation: 216162199b28c13a410421893ffa2e32 -> 
  custom:video-decoder-ogg-theora: a1e56fd34408186e4bbccfd4996cb3dc -> 
  custom:container-muxer-webm: aa71ff27fc2769a1b78a27578f13a17b -> 
  custom:container-demuxer-webm: 4f35f7cbe854078d1ac9338744f61a02 -> 
  custom:container-demuxer-ogg: 62fdf1f143b41e24485cea50d1cbac27 -> 
  custom:video-encoder-webm-vp8: eb34c28f22e8b96e1ab97ce403110664 -> 
  custom:video-decoder-webm-vp8: 9c59270c3fd7afecdb556c50c9e8de78 -> 
  custom:audio-decoder-ogg-vorbis: bf7c407c2cedff20999df2af8eb42d56 -> 
  custom:audio-encoder-webm-vorbis: bf7c407c2cedff20999df2af8eb42d56 -> 
========================================================================
Received Import Request.
  Time since last request: 167.710216 seconds.
  path: Assets/Mobile/UI/UI_Circle_Bevel_Base.png
  artifactKey: Guid(b74c31d447d2f5d41a61081bdf5e7126) Importer(815301076,1909f56bfc062723c751e8b465ee728b)
Start importing Assets/Mobile/UI/UI_Circle_Bevel_Base.png using Guid(b74c31d447d2f5d41a61081bdf5e7126) Importer(815301076,1909f56bfc062723c751e8b465ee728b)  -> (artifact id: 'f4a045e418c812a90ed9dbf6ad79ced2') in 0.196848 seconds 
========================================================================
Received Import Request.
  Time since last request: 0.000539 seconds.
  path: Assets/Mobile/UI/UI_Icon_Look.png
  artifactKey: Guid(af0ae2dbf3d1efb4f82af377950704a2) Importer(815301076,1909f56bfc062723c751e8b465ee728b)
Start importing Assets/Mobile/UI/UI_Icon_Look.png using Guid(af0ae2dbf3d1efb4f82af377950704a2) Importer(815301076,1909f56bfc062723c751e8b465ee728b)  -> (artifact id: 'a330a2550f5acba1b785f1abc8cd7777') in 0.068125 seconds 
========================================================================
Received Import Request.
  Time since last request: 0.000373 seconds.
  path: Assets/Mobile/UI/UI_Circle_Faded.png
  artifactKey: Guid(90ded0611e490aa4ba6961afbfc2280d) Importer(815301076,1909f56bfc062723c751e8b465ee728b)
Start importing Assets/Mobile/UI/UI_Circle_Faded.png using Guid(90ded0611e490aa4ba6961afbfc2280d) Importer(815301076,1909f56bfc062723c751e8b465ee728b)  -> (artifact id: '95c40a64e41796152900b462d98f6e8d') in 0.075787 seconds 
========================================================================
Received Import Request.
  Time since last request: 0.000386 seconds.
  path: Assets/Mobile/UI/UI_Icon_Sprint.png
  artifactKey: Guid(b0fa70abd2a79904cb00b175dfd8ec7e) Importer(815301076,1909f56bfc062723c751e8b465ee728b)
Start importing Assets/Mobile/UI/UI_Icon_Sprint.png using Guid(b0fa70abd2a79904cb00b175dfd8ec7e) Importer(815301076,1909f56bfc062723c751e8b465ee728b)  -> (artifact id: '6dce246d61df6fedc3f0e1e3b010ce52') in 0.055449 seconds 
========================================================================
Received Import Request.
  Time since last request: 0.000366 seconds.
  path: Assets/Mobile/UI/UI_Icon_Jump.png
  artifactKey: Guid(751aa1b6637101946b2fdbb7aa27d6ad) Importer(815301076,1909f56bfc062723c751e8b465ee728b)
Start importing Assets/Mobile/UI/UI_Icon_Jump.png using Guid(751aa1b6637101946b2fdbb7aa27d6ad) Importer(815301076,1909f56bfc062723c751e8b465ee728b)  -> (artifact id: 'c766627b656061424fc6e904645dfbdc') in 0.050851 seconds 
========================================================================
Received Import Request.
  Time since last request: 0.000545 seconds.
  path: Assets/Mobile/UI/UI_Icon_Move.png
  artifactKey: Guid(ff7bfa7addf40784d86f62b8e4a034a6) Importer(815301076,1909f56bfc062723c751e8b465ee728b)
Start importing Assets/Mobile/UI/UI_Icon_Move.png using Guid(ff7bfa7addf40784d86f62b8e4a034a6) Importer(815301076,1909f56bfc062723c751e8b465ee728b)  -> (artifact id: 'fbb35f183c03fd7dac0afef9fce1a667') in 0.052250 seconds 
========================================================================
Received Prepare
Registering precompiled user dll's ...
Registered in 0.017296 seconds.
Begin MonoManager ReloadAssembly
Native extension for WindowsStandalone target not found
Native extension for WebGL target not found
Refreshing native plugins compatible for Editor in 0.97 ms, found 2 plugins.
Preloading 0 native plugins for Editor in 0.00 ms.
Mono: successfully reloaded assembly
- Completed reload, in  3.083 seconds
Domain Reload Profiling:
	ReloadAssembly (3084ms)
		BeginReloadAssembly (454ms)
			ExecutionOrderSort (0ms)
			DisableScriptedObjects (14ms)
			BackupInstance (0ms)
			ReleaseScriptingObjects (0ms)
			CreateAndSetChildDomain (138ms)
		EndReloadAssembly (2479ms)
			LoadAssemblies (368ms)
			RebuildTransferFunctionScriptingTraits (0ms)
			SetupTypeCache (925ms)
			ReleaseScriptCaches (2ms)
			RebuildScriptCaches (101ms)
			SetupLoadedEditorAssemblies (842ms)
				LogAssemblyErrors (0ms)
				InitializePlatformSupportModulesInManaged (10ms)
				SetLoadedEditorAssemblies (1ms)
				RefreshPlugins (1ms)
				BeforeProcessingInitializeOnLoad (206ms)
				ProcessInitializeOnLoadAttributes (568ms)
				ProcessInitializeOnLoadMethodAttributes (29ms)
				AfterProcessingInitializeOnLoad (26ms)
				EditorAssembliesLoaded (1ms)
			ExecutionOrderSort2 (0ms)
			AwakeInstancesAfterBackupRestoration (31ms)
Platform modules already initialized, skipping
Refreshing native plugins compatible for Editor in 0.94 ms, found 2 plugins.
Preloading 0 native plugins for Editor in 0.00 ms.
Unloading 3238 Unused Serialized files (Serialized files now loaded: 0)
System memory in use before: 160.4 MB.
System memory in use after: 157.5 MB.

Unloading 51 unused Assets to reduce memory usage. Loaded Objects now: 3806.
Total: 10.533300 ms (FindLiveObjects: 0.577200 ms CreateObjectMapping: 0.473800 ms MarkObjects: 6.131100 ms  DeleteObjects: 3.349400 ms)

AssetImportParameters requested are different than current active one (requested -> active):
  custom:framework-win-MediaFoundation: 216162199b28c13a410421893ffa2e32 -> 
  custom:video-decoder-ogg-theora: a1e56fd34408186e4bbccfd4996cb3dc -> 
  custom:container-muxer-webm: aa71ff27fc2769a1b78a27578f13a17b -> 
  custom:container-demuxer-webm: 4f35f7cbe854078d1ac9338744f61a02 -> 
  custom:container-demuxer-ogg: 62fdf1f143b41e24485cea50d1cbac27 -> 
  custom:video-encoder-webm-vp8: eb34c28f22e8b96e1ab97ce403110664 -> 
  custom:video-decoder-webm-vp8: 9c59270c3fd7afecdb556c50c9e8de78 -> 
  custom:audio-decoder-ogg-vorbis: bf7c407c2cedff20999df2af8eb42d56 -> 
  custom:audio-encoder-webm-vorbis: bf7c407c2cedff20999df2af8eb42d56 -> 
========================================================================
Received Prepare
Registering precompiled user dll's ...
Registered in 0.017554 seconds.
Begin MonoManager ReloadAssembly
Native extension for WindowsStandalone target not found
Native extension for WebGL target not found
Refreshing native plugins compatible for Editor in 1.18 ms, found 2 plugins.
Preloading 0 native plugins for Editor in 0.00 ms.
Mono: successfully reloaded assembly
- Completed reload, in  3.061 seconds
Domain Reload Profiling:
	ReloadAssembly (3062ms)
		BeginReloadAssembly (426ms)
			ExecutionOrderSort (0ms)
			DisableScriptedObjects (10ms)
			BackupInstance (0ms)
			ReleaseScriptingObjects (0ms)
			CreateAndSetChildDomain (112ms)
		EndReloadAssembly (2434ms)
			LoadAssemblies (366ms)
			RebuildTransferFunctionScriptingTraits (0ms)
			SetupTypeCache (781ms)
			ReleaseScriptCaches (2ms)
			RebuildScriptCaches (112ms)
			SetupLoadedEditorAssemblies (954ms)
				LogAssemblyErrors (0ms)
				InitializePlatformSupportModulesInManaged (12ms)
				SetLoadedEditorAssemblies (1ms)
				RefreshPlugins (1ms)
				BeforeProcessingInitializeOnLoad (232ms)
				ProcessInitializeOnLoadAttributes (661ms)
				ProcessInitializeOnLoadMethodAttributes (25ms)
				AfterProcessingInitializeOnLoad (20ms)
				EditorAssembliesLoaded (1ms)
			ExecutionOrderSort2 (0ms)
			AwakeInstancesAfterBackupRestoration (49ms)
Platform modules already initialized, skipping
Refreshing native plugins compatible for Editor in 1.17 ms, found 2 plugins.
Preloading 0 native plugins for Editor in 0.00 ms.
Unloading 3238 Unused Serialized files (Serialized files now loaded: 0)
System memory in use before: 160.4 MB.
System memory in use after: 157.5 MB.

Unloading 51 unused Assets to reduce memory usage. Loaded Objects now: 3809.
Total: 12.995400 ms (FindLiveObjects: 0.690800 ms CreateObjectMapping: 0.588900 ms MarkObjects: 7.484000 ms  DeleteObjects: 4.229500 ms)

AssetImportParameters requested are different than current active one (requested -> active):
  custom:framework-win-MediaFoundation: 216162199b28c13a410421893ffa2e32 -> 
  custom:video-decoder-ogg-theora: a1e56fd34408186e4bbccfd4996cb3dc -> 
  custom:container-muxer-webm: aa71ff27fc2769a1b78a27578f13a17b -> 
  custom:container-demuxer-webm: 4f35f7cbe854078d1ac9338744f61a02 -> 
  custom:container-demuxer-ogg: 62fdf1f143b41e24485cea50d1cbac27 -> 
  custom:video-encoder-webm-vp8: eb34c28f22e8b96e1ab97ce403110664 -> 
  custom:video-decoder-webm-vp8: 9c59270c3fd7afecdb556c50c9e8de78 -> 
  custom:audio-decoder-ogg-vorbis: bf7c407c2cedff20999df2af8eb42d56 -> 
  custom:audio-encoder-webm-vorbis: bf7c407c2cedff20999df2af8eb42d56 -> 
========================================================================
Received Prepare
Registering precompiled user dll's ...
Registered in 0.011903 seconds.
Begin MonoManager ReloadAssembly
Native extension for WindowsStandalone target not found
Native extension for WebGL target not found
Refreshing native plugins compatible for Editor in 0.95 ms, found 2 plugins.
Preloading 0 native plugins for Editor in 0.00 ms.
Mono: successfully reloaded assembly
- Completed reload, in  3.139 seconds
Domain Reload Profiling:
	ReloadAssembly (3140ms)
		BeginReloadAssembly (557ms)
			ExecutionOrderSort (0ms)
			DisableScriptedObjects (22ms)
			BackupInstance (0ms)
			ReleaseScriptingObjects (0ms)
			CreateAndSetChildDomain (175ms)
		EndReloadAssembly (2362ms)
			LoadAssemblies (423ms)
			RebuildTransferFunctionScriptingTraits (0ms)
			SetupTypeCache (727ms)
			ReleaseScriptCaches (2ms)
			RebuildScriptCaches (86ms)
			SetupLoadedEditorAssemblies (971ms)
				LogAssemblyErrors (0ms)
				InitializePlatformSupportModulesInManaged (10ms)
				SetLoadedEditorAssemblies (1ms)
				RefreshPlugins (1ms)
				BeforeProcessingInitializeOnLoad (205ms)
				ProcessInitializeOnLoadAttributes (701ms)
				ProcessInitializeOnLoadMethodAttributes (29ms)
				AfterProcessingInitializeOnLoad (22ms)
				EditorAssembliesLoaded (1ms)
			ExecutionOrderSort2 (0ms)
			AwakeInstancesAfterBackupRestoration (41ms)
Platform modules already initialized, skipping
Refreshing native plugins compatible for Editor in 1.01 ms, found 2 plugins.
Preloading 0 native plugins for Editor in 0.00 ms.
Unloading 3238 Unused Serialized files (Serialized files now loaded: 0)
System memory in use before: 160.4 MB.
System memory in use after: 157.5 MB.

Unloading 51 unused Assets to reduce memory usage. Loaded Objects now: 3812.
Total: 9.871700 ms (FindLiveObjects: 0.441500 ms CreateObjectMapping: 0.334600 ms MarkObjects: 6.114200 ms  DeleteObjects: 2.979700 ms)

AssetImportParameters requested are different than current active one (requested -> active):
  custom:framework-win-MediaFoundation: 216162199b28c13a410421893ffa2e32 -> 
  custom:video-decoder-ogg-theora: a1e56fd34408186e4bbccfd4996cb3dc -> 
  custom:container-muxer-webm: aa71ff27fc2769a1b78a27578f13a17b -> 
  custom:container-demuxer-webm: 4f35f7cbe854078d1ac9338744f61a02 -> 
  custom:container-demuxer-ogg: 62fdf1f143b41e24485cea50d1cbac27 -> 
  custom:video-encoder-webm-vp8: eb34c28f22e8b96e1ab97ce403110664 -> 
  custom:video-decoder-webm-vp8: 9c59270c3fd7afecdb556c50c9e8de78 -> 
  custom:audio-decoder-ogg-vorbis: bf7c407c2cedff20999df2af8eb42d56 -> 
  custom:audio-encoder-webm-vorbis: bf7c407c2cedff20999df2af8eb42d56 -> 
========================================================================
Received Import Request.
  Time since last request: 1025.790734 seconds.
  path: Assets/Character/Materials/Wall.mat
  artifactKey: Guid(d2796b7878a676a4dba992552e1e07fe) Importer(815301076,1909f56bfc062723c751e8b465ee728b)
Start importing Assets/Character/Materials/Wall.mat using Guid(d2796b7878a676a4dba992552e1e07fe) Importer(815301076,1909f56bfc062723c751e8b465ee728b)  -> (artifact id: 'd3d84dfcef1d987184dc34de847e0188') in 0.417310 seconds 
========================================================================
Received Import Request.
  Time since last request: 8.013646 seconds.
  path: Assets/Character/Materials/Exit.mat
  artifactKey: Guid(95336066b247c794bb6fdba7e526d615) Importer(815301076,1909f56bfc062723c751e8b465ee728b)
Start importing Assets/Character/Materials/Exit.mat using Guid(95336066b247c794bb6fdba7e526d615) Importer(815301076,1909f56bfc062723c751e8b465ee728b)  -> (artifact id: 'fad039e098e0011fc46a3b3da8f55d6c') in 0.034442 seconds 
========================================================================
Received Import Request.
  Time since last request: 17.846746 seconds.
  path: Assets/Character/Materials/cerrar-sesion.png
  artifactKey: Guid(cf984ba8a2c20a94187b546a44bb223f) Importer(815301076,1909f56bfc062723c751e8b465ee728b)
Start importing Assets/Character/Materials/cerrar-sesion.png using Guid(cf984ba8a2c20a94187b546a44bb223f) Importer(815301076,1909f56bfc062723c751e8b465ee728b)  -> (artifact id: '0b1447fac7aaebed7e9c33111619f742') in 0.040025 seconds 
========================================================================
Received Import Request.
  Time since last request: 5.905952 seconds.
  path: Assets/Character/Materials/Exit.mat
  artifactKey: Guid(95336066b247c794bb6fdba7e526d615) Importer(815301076,1909f56bfc062723c751e8b465ee728b)
Start importing Assets/Character/Materials/Exit.mat using Guid(95336066b247c794bb6fdba7e526d615) Importer(815301076,1909f56bfc062723c751e8b465ee728b)  -> (artifact id: 'a1f599bb6fb7c08990aebee0bcd17130') in 0.032454 seconds 
========================================================================
Received Import Request.
  Time since last request: 49.756783 seconds.
  path: Assets/Mobile/UI
  artifactKey: Guid(e7fdf9603bb47074a9b04a3eb60ffcd8) Importer(815301076,1909f56bfc062723c751e8b465ee728b)
Start importing Assets/Mobile/UI using Guid(e7fdf9603bb47074a9b04a3eb60ffcd8) Importer(815301076,1909f56bfc062723c751e8b465ee728b)  -> (artifact id: 'e4171e22ebdaea9e8cbe54be3c02d98f') in 0.018902 seconds 
========================================================================
Received Import Request.
  Time since last request: 20.969020 seconds.
  path: Assets/Scenes/Home.unity
  artifactKey: Guid(9ab61677caf279e439d8362afa714dc4) Importer(815301076,1909f56bfc062723c751e8b465ee728b)
Start importing Assets/Scenes/Home.unity using Guid(9ab61677caf279e439d8362afa714dc4) Importer(815301076,1909f56bfc062723c751e8b465ee728b)  -> (artifact id: '0060ac24db42b47624bb645e0f50056b') in 0.013571 seconds 
========================================================================
Received Import Request.
  Time since last request: 3987.573512 seconds.
  path: Assets/Scenes/Menu2.unity
  artifactKey: Guid(1c61dada11713bc488f3cfcff400cab5) Importer(815301076,1909f56bfc062723c751e8b465ee728b)
Start importing Assets/Scenes/Menu2.unity using Guid(1c61dada11713bc488f3cfcff400cab5) Importer(815301076,1909f56bfc062723c751e8b465ee728b)  -> (artifact id: '0bd2d1e98c8e4ff1b95f2442d9be679d') in 0.039702 seconds 
========================================================================
Received Import Request.
  Time since last request: 173.673637 seconds.
  path: Assets/Character/Materials/Menu2.jpg
  artifactKey: Guid(5763b04de45a43541bf2459e652591cf) Importer(815301076,1909f56bfc062723c751e8b465ee728b)
Start importing Assets/Character/Materials/Menu2.jpg using Guid(5763b04de45a43541bf2459e652591cf) Importer(815301076,1909f56bfc062723c751e8b465ee728b)  -> (artifact id: 'f8afc8f7ac96f49c8cd2db5858874090') in 0.121055 seconds 
========================================================================
Received Import Request.
  Time since last request: 17.898307 seconds.
  path: Assets/Character/Materials/Menu2.jpg
  artifactKey: Guid(5763b04de45a43541bf2459e652591cf) Importer(815301076,1909f56bfc062723c751e8b465ee728b)
Start importing Assets/Character/Materials/Menu2.jpg using Guid(5763b04de45a43541bf2459e652591cf) Importer(815301076,1909f56bfc062723c751e8b465ee728b)  -> (artifact id: '42446116d705aa7f5299261692d3ff7b') in 0.130967 seconds 
========================================================================
Received Import Request.
  Time since last request: 79.258579 seconds.
  path: Assets/Scenes/Menu2.unity
  artifactKey: Guid(1c61dada11713bc488f3cfcff400cab5) Importer(815301076,1909f56bfc062723c751e8b465ee728b)
Start importing Assets/Scenes/Menu2.unity using Guid(1c61dada11713bc488f3cfcff400cab5) Importer(815301076,1909f56bfc062723c751e8b465ee728b)  -> (artifact id: '5722331d4fbb691623a97ced293592f1') in 0.009283 seconds 
========================================================================
Received Import Request.
  Time since last request: 91.930235 seconds.
  path: Assets/Scenes/Menu2.unity
  artifactKey: Guid(1c61dada11713bc488f3cfcff400cab5) Importer(815301076,1909f56bfc062723c751e8b465ee728b)
Start importing Assets/Scenes/Menu2.unity using Guid(1c61dada11713bc488f3cfcff400cab5) Importer(815301076,1909f56bfc062723c751e8b465ee728b)  -> (artifact id: '19177679c10f90e20d074db046d8df46') in 0.009488 seconds 
========================================================================
Received Import Request.
  Time since last request: 27.318496 seconds.
  path: Assets/Scenes/Menu2.unity
  artifactKey: Guid(1c61dada11713bc488f3cfcff400cab5) Importer(815301076,1909f56bfc062723c751e8b465ee728b)
Start importing Assets/Scenes/Menu2.unity using Guid(1c61dada11713bc488f3cfcff400cab5) Importer(815301076,1909f56bfc062723c751e8b465ee728b)  -> (artifact id: 'af92e54a16028c98ff5fe6f22f3b6410') in 0.008627 seconds 
========================================================================
Received Import Request.
  Time since last request: 43.803916 seconds.
  path: Assets/Scenes/Menu2.unity
  artifactKey: Guid(1c61dada11713bc488f3cfcff400cab5) Importer(815301076,1909f56bfc062723c751e8b465ee728b)
Start importing Assets/Scenes/Menu2.unity using Guid(1c61dada11713bc488f3cfcff400cab5) Importer(815301076,1909f56bfc062723c751e8b465ee728b)  -> (artifact id: '75dc98e26f2d23c645a5ba32f26aec29') in 0.011815 seconds 
========================================================================
Received Import Request.
  Time since last request: 15.241750 seconds.
  path: Assets/Scenes/Menu2.unity
  artifactKey: Guid(1c61dada11713bc488f3cfcff400cab5) Importer(815301076,1909f56bfc062723c751e8b465ee728b)
Start importing Assets/Scenes/Menu2.unity using Guid(1c61dada11713bc488f3cfcff400cab5) Importer(815301076,1909f56bfc062723c751e8b465ee728b)  -> (artifact id: '2d3271fc1a5a621b7314f72c1c09acbf') in 0.010294 seconds 
========================================================================
Received Import Request.
  Time since last request: 32.589127 seconds.
  path: Assets/Scenes/Menu2.unity
  artifactKey: Guid(1c61dada11713bc488f3cfcff400cab5) Importer(815301076,1909f56bfc062723c751e8b465ee728b)
Start importing Assets/Scenes/Menu2.unity using Guid(1c61dada11713bc488f3cfcff400cab5) Importer(815301076,1909f56bfc062723c751e8b465ee728b)  -> (artifact id: '8ac58a1b51f4df61d9098c9bd75cb921') in 0.008148 seconds 
========================================================================
Received Import Request.
  Time since last request: 19.446937 seconds.
  path: Assets/Scenes/Home.unity
  artifactKey: Guid(9ab61677caf279e439d8362afa714dc4) Importer(815301076,1909f56bfc062723c751e8b465ee728b)
Start importing Assets/Scenes/Home.unity using Guid(9ab61677caf279e439d8362afa714dc4) Importer(815301076,1909f56bfc062723c751e8b465ee728b)  -> (artifact id: '6195b4ec4b3c1841a53a0c7b49c5046d') in 0.008096 seconds 
========================================================================
Received Import Request.
  Time since last request: 10.374008 seconds.
  path: Assets/Scenes/Menu2.unity
  artifactKey: Guid(1c61dada11713bc488f3cfcff400cab5) Importer(815301076,1909f56bfc062723c751e8b465ee728b)
Start importing Assets/Scenes/Menu2.unity using Guid(1c61dada11713bc488f3cfcff400cab5) Importer(815301076,1909f56bfc062723c751e8b465ee728b)  -> (artifact id: '6048dbeee8b566b76b41b357d0420703') in 0.007776 seconds 
========================================================================
Received Import Request.
  Time since last request: 28.716096 seconds.
  path: Assets/Scripts/CambioEscena.cs
  artifactKey: Guid(052715089ee53ae49a317144867e06cc) Importer(815301076,1909f56bfc062723c751e8b465ee728b)
Start importing Assets/Scripts/CambioEscena.cs using Guid(052715089ee53ae49a317144867e06cc) Importer(815301076,1909f56bfc062723c751e8b465ee728b)  -> (artifact id: 'ad3b12989829055929b147dce2af52df') in 0.014505 seconds 
========================================================================
Received Import Request.
  Time since last request: 93.872326 seconds.
  path: Assets/Scripts/InputNomCod.cs
  artifactKey: Guid(f596b7afd2d63704a823321b376a08f9) Importer(815301076,1909f56bfc062723c751e8b465ee728b)
Start importing Assets/Scripts/InputNomCod.cs using Guid(f596b7afd2d63704a823321b376a08f9) Importer(815301076,1909f56bfc062723c751e8b465ee728b)  -> (artifact id: 'd6c1332b35220a85cbe5de8259933117') in 0.015986 seconds 
========================================================================
Received Import Request.
  Time since last request: 4.502744 seconds.
  path: Assets/Scripts/InputNomCod.cs
  artifactKey: Guid(f596b7afd2d63704a823321b376a08f9) Importer(815301076,1909f56bfc062723c751e8b465ee728b)
Start importing Assets/Scripts/InputNomCod.cs using Guid(f596b7afd2d63704a823321b376a08f9) Importer(815301076,1909f56bfc062723c751e8b465ee728b)  -> (artifact id: '754092ce61c9164cc893b0c8ffa27576') in 0.006287 seconds 
========================================================================
Received Prepare
Registering precompiled user dll's ...
Registered in 0.008680 seconds.
Begin MonoManager ReloadAssembly
Native extension for WindowsStandalone target not found
Native extension for WebGL target not found
Refreshing native plugins compatible for Editor in 1.41 ms, found 2 plugins.
Preloading 0 native plugins for Editor in 0.00 ms.
Mono: successfully reloaded assembly
- Completed reload, in  3.756 seconds
Domain Reload Profiling:
	ReloadAssembly (3763ms)
		BeginReloadAssembly (646ms)
			ExecutionOrderSort (0ms)
			DisableScriptedObjects (48ms)
			BackupInstance (0ms)
			ReleaseScriptingObjects (0ms)
			CreateAndSetChildDomain (323ms)
		EndReloadAssembly (2910ms)
			LoadAssemblies (352ms)
			RebuildTransferFunctionScriptingTraits (0ms)
			SetupTypeCache (1003ms)
			ReleaseScriptCaches (3ms)
			RebuildScriptCaches (126ms)
			SetupLoadedEditorAssemblies (998ms)
				LogAssemblyErrors (0ms)
				InitializePlatformSupportModulesInManaged (15ms)
				SetLoadedEditorAssemblies (2ms)
				RefreshPlugins (2ms)
				BeforeProcessingInitializeOnLoad (248ms)
				ProcessInitializeOnLoadAttributes (686ms)
				ProcessInitializeOnLoadMethodAttributes (24ms)
				AfterProcessingInitializeOnLoad (20ms)
				EditorAssembliesLoaded (1ms)
			ExecutionOrderSort2 (0ms)
			AwakeInstancesAfterBackupRestoration (43ms)
Platform modules already initialized, skipping
Refreshing native plugins compatible for Editor in 1.14 ms, found 2 plugins.
Preloading 0 native plugins for Editor in 0.00 ms.
Unloading 3238 Unused Serialized files (Serialized files now loaded: 0)
System memory in use before: 160.6 MB.
System memory in use after: 157.7 MB.

Unloading 51 unused Assets to reduce memory usage. Loaded Objects now: 3853.
Total: 15.661100 ms (FindLiveObjects: 0.777400 ms CreateObjectMapping: 0.537800 ms MarkObjects: 9.426300 ms  DeleteObjects: 4.916600 ms)

AssetImportParameters requested are different than current active one (requested -> active):
  custom:framework-win-MediaFoundation: 216162199b28c13a410421893ffa2e32 -> 
  custom:video-decoder-ogg-theora: a1e56fd34408186e4bbccfd4996cb3dc -> 
  custom:container-muxer-webm: aa71ff27fc2769a1b78a27578f13a17b -> 
  custom:container-demuxer-webm: 4f35f7cbe854078d1ac9338744f61a02 -> 
  custom:container-demuxer-ogg: 62fdf1f143b41e24485cea50d1cbac27 -> 
  custom:video-encoder-webm-vp8: eb34c28f22e8b96e1ab97ce403110664 -> 
  custom:video-decoder-webm-vp8: 9c59270c3fd7afecdb556c50c9e8de78 -> 
  custom:audio-decoder-ogg-vorbis: bf7c407c2cedff20999df2af8eb42d56 -> 
  custom:audio-encoder-webm-vorbis: bf7c407c2cedff20999df2af8eb42d56 -> 
========================================================================
Received Import Request.
  Time since last request: 80.633664 seconds.
  path: Assets/Scenes/Menu2.unity
  artifactKey: Guid(1c61dada11713bc488f3cfcff400cab5) Importer(815301076,1909f56bfc062723c751e8b465ee728b)
Start importing Assets/Scenes/Menu2.unity using Guid(1c61dada11713bc488f3cfcff400cab5) Importer(815301076,1909f56bfc062723c751e8b465ee728b)  -> (artifact id: 'b6f7d9c630ccef5e4e4efdadbe575267') in 0.035655 seconds 
========================================================================
Received Import Request.
  Time since last request: 9.307293 seconds.
  path: Assets/Scenes/Home.unity
  artifactKey: Guid(9ab61677caf279e439d8362afa714dc4) Importer(815301076,1909f56bfc062723c751e8b465ee728b)
Start importing Assets/Scenes/Home.unity using Guid(9ab61677caf279e439d8362afa714dc4) Importer(815301076,1909f56bfc062723c751e8b465ee728b)  -> (artifact id: '3313cf87d165e07ad1e0341157fabc7a') in 0.020074 seconds 
AssetImportWorkerClient::OnTransportError - code=2 error=End of file
